Log file open, 04/13/19 16:48:26
LogWindows: Failed to load 'aqProf.dll' (GetLastError=126)
LogWindows: File 'aqProf.dll' does not exist
LogWindows: Failed to load 'VtuneApi.dll' (GetLastError=126)
LogWindows: File 'VtuneApi.dll' does not exist
LogWindows: Failed to load 'VtuneApi32e.dll' (GetLastError=126)
LogWindows: File 'VtuneApi32e.dll' does not exist
LogConsoleResponse: Display: Failed to find resolution value strings in scalability ini. Falling back to default.
LogInit: Display: Running engine for game: CRPG
LogPakFile: Registered encryption key '00000000000000000000000000000000': 0 pak files mounted, 0 remain pending
LogPlatformFile: Not using cached read wrapper
LogTaskGraph: Started task graph with 5 named threads and 23 total threads with 3 sets of task threads.
LogStats: Stats thread started at 0.435858
LogD3D11RHI: Loaded GFSDK_Aftermath_Lib.x64.dll
LogICUInternationalization: ICU TimeZone Detection - Raw Offset: +10:00, Platform Override: ''
LogPluginManager: Mounting plugin Paper2D
LogPluginManager: Mounting plugin AISupport
LogPluginManager: Mounting plugin LightPropagationVolume
LogPluginManager: Mounting plugin ActorLayerUtilities
LogPluginManager: Mounting plugin CLionSourceCodeAccess
LogPluginManager: Mounting plugin CodeLiteSourceCodeAccess
LogPluginManager: Mounting plugin GitSourceControl
LogPluginManager: Mounting plugin KDevelopSourceCodeAccess
LogPluginManager: Mounting plugin NullSourceCodeAccess
LogPluginManager: Mounting plugin PerforceSourceControl
LogPluginManager: Mounting plugin SubversionSourceControl
LogPluginManager: Mounting plugin UObjectPlugin
LogPluginManager: Mounting plugin VisualStudioCodeSourceCodeAccess
LogPluginManager: Mounting plugin VisualStudioSourceCodeAccess
LogPluginManager: Mounting plugin XCodeSourceCodeAccess
LogPluginManager: Mounting plugin AssetManagerEditor
LogPluginManager: Mounting plugin CryptoKeys
LogPluginManager: Mounting plugin DataValidation
LogPluginManager: Mounting plugin FacialAnimation
LogPluginManager: Mounting plugin GameplayTagsEditor
LogPluginManager: Mounting plugin MacGraphicsSwitching
LogPluginManager: Mounting plugin MeshEditor
LogPluginManager: Mounting plugin MobileLauncherProfileWizard
LogPluginManager: Mounting plugin PluginBrowser
LogPluginManager: Mounting plugin SpeedTreeImporter
LogPluginManager: Mounting plugin DatasmithContent
LogPluginManager: Mounting plugin VariantManagerContent
LogPluginManager: Mounting plugin AlembicImporter
LogPluginManager: Mounting plugin AppleImageUtils
LogPluginManager: Mounting plugin AppleVision
LogPluginManager: Mounting plugin BackChannel
LogPluginManager: Mounting plugin CharacterAI
LogPluginManager: Mounting plugin GeometryCache
LogPluginManager: Mounting plugin HTML5Networking
LogPluginManager: Mounting plugin ProxyLODPlugin
LogPluginManager: Mounting plugin MagicLeap
LogPluginManager: Mounting plugin MagicLeapMedia
LogPluginManager: Mounting plugin AndroidMedia
LogPluginManager: Mounting plugin AvfMedia
LogPluginManager: Mounting plugin ImgMedia
LogPluginManager: Mounting plugin LinearTimecode
LogPluginManager: Mounting plugin MediaCompositing
LogPluginManager: Mounting plugin MediaPlayerEditor
LogPluginManager: Mounting plugin WebMMedia
LogPluginManager: Mounting plugin WmfMedia
LogPluginManager: Mounting plugin TcpMessaging
LogPluginManager: Mounting plugin UdpMessaging
LogPluginManager: Mounting plugin ActorSequence
LogPluginManager: Mounting plugin LevelSequenceEditor
LogPluginManager: Mounting plugin MatineeToLevelSequence
LogPluginManager: Mounting plugin NetcodeUnitTest
LogPluginManager: Mounting plugin NUTUnrealEngine4
LogPluginManager: Mounting plugin OnlineSubsystemGooglePlay
LogPluginManager: Mounting plugin OnlineSubsystemIOS
LogPluginManager: Mounting plugin OnlineSubsystem
LogPluginManager: Mounting plugin OnlineSubsystemNull
LogPluginManager: Mounting plugin OnlineSubsystemUtils
LogPluginManager: Mounting plugin LauncherChunkInstaller
LogPluginManager: Mounting plugin AndroidDeviceProfileSelector
LogPluginManager: Mounting plugin AndroidMoviePlayer
LogPluginManager: Mounting plugin AndroidPermission
LogPluginManager: Mounting plugin AppleMoviePlayer
LogPluginManager: Mounting plugin ArchVisCharacter
LogPluginManager: Mounting plugin AudioCapture
LogPluginManager: Mounting plugin CableComponent
LogPluginManager: Mounting plugin CustomMeshComponent
LogPluginManager: Mounting plugin EditableMesh
LogPluginManager: Mounting plugin ExampleDeviceProfileSelector
LogPluginManager: Mounting plugin Firebase
LogPluginManager: Mounting plugin GoogleCloudMessaging
LogPluginManager: Mounting plugin IOSDeviceProfileSelector
LogPluginManager: Mounting plugin LinuxDeviceProfileSelector
LogPluginManager: Mounting plugin LocationServicesBPLibrary
LogPluginManager: Mounting plugin MobilePatchingUtils
LogPluginManager: Mounting plugin OculusVR
LogPluginManager: Mounting plugin PhysXVehicles
LogPluginManager: Mounting plugin ProceduralMeshComponent
LogPluginManager: Mounting plugin RuntimePhysXCooking
LogPluginManager: Mounting plugin SteamVR
LogPluginManager: Mounting plugin WebMMoviePlayer
LogPluginManager: Mounting plugin WindowsMoviePlayer
LogStreaming: Display: Took  0.905s to configure plugins.
LogInit: Using libcurl 7.55.1-DEV
LogInit:  - built for x86_64-pc-win32
LogInit:  - supports SSL with OpenSSL/1.0.2h
LogInit:  - supports HTTP deflate (compression) using libz 1.2.8
LogInit:  - other features:
LogInit:      CURL_VERSION_SSL
LogInit:      CURL_VERSION_LIBZ
LogInit:      CURL_VERSION_IPV6
LogInit:      CURL_VERSION_ASYNCHDNS
LogInit:      CURL_VERSION_LARGEFILE
LogInit:      CURL_VERSION_IDN
LogInit:  CurlRequestOptions (configurable via config and command line):
LogInit:  - bVerifyPeer = true  - Libcurl will verify peer certificate
LogInit:  - bUseHttpProxy = false  - Libcurl will NOT use HTTP proxy
LogInit:  - bDontReuseConnections = false  - Libcurl will reuse connections
LogInit:  - MaxHostConnections = 16  - Libcurl will limit the number of connections to a host
LogInit:  - LocalHostAddr = Default
LogInit:  - BufferSize = 65536
LogInit: WinSock: version 1.1 (2.2), MaxSocks=32767, MaxUdp=65467
LogInit: Build: ++UE4+Release-4.21-CL-4753647
LogInit: Engine Version: 4.21.2-4753647+++UE4+Release-4.21
LogInit: Compatible Engine Version: 4.21.0-4541578+++UE4+Release-4.21
LogInit: Net CL: 4541578
LogInit: OS: Windows 10 (), CPU: Intel(R) Core(TM) i7-4770K CPU @ 3.50GHz, GPU: Radeon RX 580 Series
LogInit: Compiled (64-bit): Jan 19 2019 02:07:31
LogInit: Compiled with Visual C++: 19.13.26129.00
LogInit: Build Configuration: Development
LogInit: Branch Name: ++UE4+Release-4.21
LogInit: Command Line: 
LogInit: Base Directory: D:/unrealengine/UE_4.21/Engine/Binaries/Win64/
LogInit: Installed Engine Build: 1
LogDevObjectVersion: Number of dev versions registered: 22
LogDevObjectVersion:   Dev-Blueprints (B0D832E4-1F89-4F0D-ACCF-7EB736FD4AA2): 10
LogDevObjectVersion:   Dev-Build (E1C64328-A22C-4D53-A36C-8E866417BD8C): 0
LogDevObjectVersion:   Dev-Core (375EC13C-06E4-48FB-B500-84F0262A717E): 2
LogDevObjectVersion:   Dev-Editor (E4B068ED-F494-42E9-A231-DA0B2E46BB41): 26
LogDevObjectVersion:   Dev-Framework (CFFC743F-43B0-4480-9391-14DF171D2073): 34
LogDevObjectVersion:   Dev-Mobile (B02B49B5-BB20-44E9-A304-32B752E40360): 2
LogDevObjectVersion:   Dev-Networking (A4E4105C-59A1-49B5-A7C5-40C4547EDFEE): 0
LogDevObjectVersion:   Dev-Online (39C831C9-5AE6-47DC-9A44-9C173E1C8E7C): 0
LogDevObjectVersion:   Dev-Physics (78F01B33-EBEA-4F98-B9B4-84EACCB95AA2): 0
LogDevObjectVersion:   Dev-Platform (6631380F-2D4D-43E0-8009-CF276956A95A): 0
LogDevObjectVersion:   Dev-Rendering (12F88B9F-8875-4AFC-A67C-D90C383ABD29): 27
LogDevObjectVersion:   Dev-Sequencer (7B5AE74C-D270-4C10-A958-57980B212A5A): 9
LogDevObjectVersion:   Dev-VR (D7296918-1DD6-4BDD-9DE2-64A83CC13884): 2
LogDevObjectVersion:   Dev-LoadTimes (C2A15278-BFE7-4AFE-6C17-90FF531DF755): 1
LogDevObjectVersion:   Private-Geometry (6EACA3D4-40EC-4CC1-B786-8BED09428FC5): 3
LogDevObjectVersion:   Dev-AnimPhys (29E575DD-E0A3-4627-9D10-D276232CDCEA): 17
LogDevObjectVersion:   Dev-Anim (AF43A65D-7FD3-4947-9873-3E8ED9C1BB05): 2
LogDevObjectVersion:   Dev-ReflectionCapture (6B266CEC-1EC7-4B8F-A30B-E4D90942FC07): 1
LogDevObjectVersion:   Dev-Automation (0DF73D61-A23F-47EA-B727-89E90C41499A): 1
LogDevObjectVersion:   FortniteMain (601D1886-AC64-4F84-AA16-D3DE0DEAC7D6): 17
LogDevObjectVersion:   Dev-Enterprise (9DFFBCD6-494F-0158-E221-12823C92A888): 4
LogDevObjectVersion:   Dev-Niagara (F2AED0AC-9AFE-416F-8664-AA7FFA26D6FC): 1
LogStreaming: Display: Took  0.002s to delete old logs.
LogInit: Presizing for max 8388607 objects, including 0 objects not considered by GC, pre-allocating 0 bytes for permanent pool.
LogInit: Object subsystem initialized
LogConfig: Setting CVar [[con.DebugEarlyDefault:1]]
LogConfig: Setting CVar [[r.setres:1280x720]]
[2019.04.13-06.48.27:660][  0]LogConfig: Setting CVar [[r.VSync:0]]
[2019.04.13-06.48.27:660][  0]LogConfig: Setting CVar [[r.RHICmdBypass:0]]
[2019.04.13-06.48.27:660][  0]LogConfig: Applying CVar settings from Section [/Script/Engine.RendererSettings] File [D:/GITHUBSHIT (FILES)/CRPG/CRPG/Saved/Config/Windows/Engine.ini]
[2019.04.13-06.48.27:660][  0]LogConfig: Setting CVar [[r.GPUCrashDebugging:0]]
[2019.04.13-06.48.27:660][  0]LogConfig: Applying CVar settings from Section [/Script/Engine.RendererOverrideSettings] File [D:/GITHUBSHIT (FILES)/CRPG/CRPG/Saved/Config/Windows/Engine.ini]
[2019.04.13-06.48.27:660][  0]LogConfig: Applying CVar settings from Section [/Script/Engine.StreamingSettings] File [D:/GITHUBSHIT (FILES)/CRPG/CRPG/Saved/Config/Windows/Engine.ini]
[2019.04.13-06.48.27:660][  0]LogConfig: Setting CVar [[s.MinBulkDataSizeForAsyncLoading:131072]]
[2019.04.13-06.48.27:660][  0]LogConfig: Setting CVar [[s.AsyncLoadingThreadEnabled:0]]
[2019.04.13-06.48.27:660][  0]LogConfig: Setting CVar [[s.EventDrivenLoaderEnabled:1]]
[2019.04.13-06.48.27:660][  0]LogConfig: Setting CVar [[s.WarnIfTimeLimitExceeded:0]]
[2019.04.13-06.48.27:660][  0]LogConfig: Setting CVar [[s.TimeLimitExceededMultiplier:1.5]]
[2019.04.13-06.48.27:660][  0]LogConfig: Setting CVar [[s.TimeLimitExceededMinTime:0.005]]
[2019.04.13-06.48.27:660][  0]LogConfig: Setting CVar [[s.UseBackgroundLevelStreaming:1]]
[2019.04.13-06.48.27:660][  0]LogConfig: Setting CVar [[s.PriorityAsyncLoadingExtraTime:15.0]]
[2019.04.13-06.48.27:661][  0]LogConfig: Setting CVar [[s.LevelStreamingActorsUpdateTimeLimit:5.0]]
[2019.04.13-06.48.27:661][  0]LogConfig: Setting CVar [[s.PriorityLevelStreamingActorsUpdateExtraTime:5.0]]
[2019.04.13-06.48.27:661][  0]LogConfig: Setting CVar [[s.LevelStreamingComponentsRegistrationGranularity:10]]
[2019.04.13-06.48.27:661][  0]LogConfig: Setting CVar [[s.UnregisterComponentsTimeLimit:1.0]]
[2019.04.13-06.48.27:661][  0]LogConfig: Setting CVar [[s.LevelStreamingComponentsUnregistrationGranularity:5]]
[2019.04.13-06.48.27:661][  0]LogConfig: Applying CVar settings from Section [/Script/Engine.GarbageCollectionSettings] File [D:/GITHUBSHIT (FILES)/CRPG/CRPG/Saved/Config/Windows/Engine.ini]
[2019.04.13-06.48.27:661][  0]LogConfig: Setting CVar [[gc.MaxObjectsNotConsideredByGC:1]]
[2019.04.13-06.48.27:661][  0]LogConfig: Setting CVar [[gc.SizeOfPermanentObjectPool:0]]
[2019.04.13-06.48.27:661][  0]LogConfig: Setting CVar [[gc.FlushStreamingOnGC:0]]
[2019.04.13-06.48.27:661][  0]LogConfig: Setting CVar [[gc.NumRetriesBeforeForcingGC:10]]
[2019.04.13-06.48.27:661][  0]LogConfig: Setting CVar [[gc.AllowParallelGC:1]]
[2019.04.13-06.48.27:661][  0]LogConfig: Setting CVar [[gc.TimeBetweenPurgingPendingKillObjects:61.1]]
[2019.04.13-06.48.27:661][  0]LogConfig: Setting CVar [[gc.MaxObjectsInEditor:8388607]]
[2019.04.13-06.48.27:661][  0]LogConfig: Setting CVar [[gc.IncrementalBeginDestroyEnabled:1]]
[2019.04.13-06.48.27:661][  0]LogConfig: Setting CVar [[gc.CreateGCClusters:1]]
[2019.04.13-06.48.27:661][  0]LogConfig: Setting CVar [[gc.MergeGCClusters:0]]
[2019.04.13-06.48.27:661][  0]LogConfig: Setting CVar [[gc.MinGCClusterSize:5]]
[2019.04.13-06.48.27:661][  0]LogConfig: Setting CVar [[gc.ActorClusteringEnabled:0]]
[2019.04.13-06.48.27:661][  0]LogConfig: Setting CVar [[gc.BlueprintClusteringEnabled:0]]
[2019.04.13-06.48.27:661][  0]LogConfig: Setting CVar [[gc.UseDisregardForGCOnDedicatedServers:0]]
[2019.04.13-06.48.27:661][  0]LogConfig: Applying CVar settings from Section [/Script/Engine.NetworkSettings] File [D:/GITHUBSHIT (FILES)/CRPG/CRPG/Saved/Config/Windows/Engine.ini]
[2019.04.13-06.48.27:661][  0]LogConfig: Applying CVar settings from Section [/Script/UnrealEd.CookerSettings] File [D:/GITHUBSHIT (FILES)/CRPG/CRPG/Saved/Config/Windows/Engine.ini]
[2019.04.13-06.48.27:721][  0]LogConfig: Applying CVar settings from Section [ViewDistanceQuality@3] File [D:/GITHUBSHIT (FILES)/CRPG/CRPG/Saved/Config/Windows/Scalability.ini]
[2019.04.13-06.48.27:721][  0]LogConfig: Setting CVar [[r.SkeletalMeshLODBias:0]]
[2019.04.13-06.48.27:721][  0]LogConfig: Setting CVar [[r.ViewDistanceScale:1.0]]
[2019.04.13-06.48.27:721][  0]LogConfig: Applying CVar settings from Section [AntiAliasingQuality@3] File [D:/GITHUBSHIT (FILES)/CRPG/CRPG/Saved/Config/Windows/Scalability.ini]
[2019.04.13-06.48.27:721][  0]LogConfig: Setting CVar [[r.PostProcessAAQuality:4]]
[2019.04.13-06.48.27:721][  0]LogConfig: Applying CVar settings from Section [ShadowQuality@3] File [D:/GITHUBSHIT (FILES)/CRPG/CRPG/Saved/Config/Windows/Scalability.ini]
[2019.04.13-06.48.27:721][  0]LogConfig: Setting CVar [[r.LightFunctionQuality:1]]
[2019.04.13-06.48.27:721][  0]LogConfig: Setting CVar [[r.ShadowQuality:5]]
[2019.04.13-06.48.27:721][  0]LogConfig: Setting CVar [[r.Shadow.CSM.MaxCascades:10]]
[2019.04.13-06.48.27:721][  0]LogConfig: Setting CVar [[r.Shadow.MaxResolution:2048]]
[2019.04.13-06.48.27:721][  0]LogConfig: Setting CVar [[r.Shadow.MaxCSMResolution:2048]]
[2019.04.13-06.48.27:721][  0]LogConfig: Setting CVar [[r.Shadow.RadiusThreshold:0.01]]
[2019.04.13-06.48.27:721][  0]LogConfig: Setting CVar [[r.Shadow.DistanceScale:1.0]]
[2019.04.13-06.48.27:721][  0]LogConfig: Setting CVar [[r.Shadow.CSM.TransitionScale:1.0]]
[2019.04.13-06.48.27:721][  0]LogConfig: Setting CVar [[r.Shadow.PreShadowResolutionFactor:1.0]]
[2019.04.13-06.48.27:721][  0]LogConfig: Setting CVar [[r.DistanceFieldShadowing:1]]
[2019.04.13-06.48.27:721][  0]LogConfig: Setting CVar [[r.DistanceFieldAO:1]]
[2019.04.13-06.48.27:721][  0]LogConfig: Setting CVar [[r.AOQuality:2]]
[2019.04.13-06.48.27:721][  0]LogConfig: Setting CVar [[r.VolumetricFog:1]]
[2019.04.13-06.48.27:721][  0]LogConfig: Setting CVar [[r.VolumetricFog.GridPixelSize:8]]
[2019.04.13-06.48.27:721][  0]LogConfig: Setting CVar [[r.VolumetricFog.GridSizeZ:128]]
[2019.04.13-06.48.27:721][  0]LogConfig: Setting CVar [[r.VolumetricFog.HistoryMissSupersampleCount:4]]
[2019.04.13-06.48.27:721][  0]LogConfig: Setting CVar [[r.LightMaxDrawDistanceScale:1]]
[2019.04.13-06.48.27:721][  0]LogConfig: Setting CVar [[r.CapsuleShadows:1]]
[2019.04.13-06.48.27:721][  0]LogConfig: Applying CVar settings from Section [PostProcessQuality@3] File [D:/GITHUBSHIT (FILES)/CRPG/CRPG/Saved/Config/Windows/Scalability.ini]
[2019.04.13-06.48.27:721][  0]LogConfig: Setting CVar [[r.MotionBlurQuality:4]]
[2019.04.13-06.48.27:721][  0]LogConfig: Setting CVar [[r.AmbientOcclusionMipLevelFactor:0.4]]
[2019.04.13-06.48.27:721][  0]LogConfig: Setting CVar [[r.AmbientOcclusionMaxQuality:100]]
[2019.04.13-06.48.27:721][  0]LogConfig: Setting CVar [[r.AmbientOcclusionLevels:-1]]
[2019.04.13-06.48.27:721][  0]LogConfig: Setting CVar [[r.AmbientOcclusionRadiusScale:1.0]]
[2019.04.13-06.48.27:721][  0]LogConfig: Setting CVar [[r.DepthOfFieldQuality:2]]
[2019.04.13-06.48.27:721][  0]LogConfig: Setting CVar [[r.RenderTargetPoolMin:400]]
[2019.04.13-06.48.27:721][  0]LogConfig: Setting CVar [[r.LensFlareQuality:2]]
[2019.04.13-06.48.27:722][  0]LogConfig: Setting CVar [[r.SceneColorFringeQuality:1]]
[2019.04.13-06.48.27:722][  0]LogConfig: Setting CVar [[r.EyeAdaptationQuality:2]]
[2019.04.13-06.48.27:722][  0]LogConfig: Setting CVar [[r.BloomQuality:5]]
[2019.04.13-06.48.27:722][  0]LogConfig: Setting CVar [[r.FastBlurThreshold:100]]
[2019.04.13-06.48.27:722][  0]LogConfig: Setting CVar [[r.Upscale.Quality:3]]
[2019.04.13-06.48.27:722][  0]LogConfig: Setting CVar [[r.Tonemapper.GrainQuantization:1]]
[2019.04.13-06.48.27:722][  0]LogConfig: Setting CVar [[r.LightShaftQuality:1]]
[2019.04.13-06.48.27:722][  0]LogConfig: Setting CVar [[r.Filter.SizeScale:1]]
[2019.04.13-06.48.27:722][  0]LogConfig: Setting CVar [[r.Tonemapper.Quality:5]]
[2019.04.13-06.48.27:722][  0]LogConfig: Setting CVar [[r.DOF.Gather.AccumulatorQuality:1        ; higher gathering accumulator quality]]
[2019.04.13-06.48.27:722][  0]LogConfig: Setting CVar [[r.DOF.Gather.PostfilterMethod:1          ; Median3x3 postfilering method]]
[2019.04.13-06.48.27:722][  0]LogConfig: Setting CVar [[r.DOF.Gather.EnableBokehSettings:0       ; no bokeh simulation when gathering]]
[2019.04.13-06.48.27:722][  0]LogConfig: Setting CVar [[r.DOF.Gather.RingCount:4                 ; medium number of samples when gathering]]
[2019.04.13-06.48.27:722][  0]LogConfig: Setting CVar [[r.DOF.Scatter.ForegroundCompositing:1    ; additive foreground scattering]]
[2019.04.13-06.48.27:722][  0]LogConfig: Setting CVar [[r.DOF.Scatter.BackgroundCompositing:2    ; additive background scattering]]
[2019.04.13-06.48.27:722][  0]LogConfig: Setting CVar [[r.DOF.Scatter.EnableBokehSettings:1      ; bokeh simulation when scattering]]
[2019.04.13-06.48.27:722][  0]LogConfig: Setting CVar [[r.DOF.Scatter.MaxSpriteRatio:0.1         ; only a maximum of 10% of scattered bokeh]]
[2019.04.13-06.48.27:722][  0]LogConfig: Setting CVar [[r.DOF.Recombine.Quality:1                ; cheap slight out of focus]]
[2019.04.13-06.48.27:722][  0]LogConfig: Setting CVar [[r.DOF.Recombine.EnableBokehSettings:0    ; no bokeh simulation on slight out of focus]]
[2019.04.13-06.48.27:722][  0]LogConfig: Setting CVar [[r.DOF.TemporalAAQuality:1                ; more stable temporal accumulation]]
[2019.04.13-06.48.27:722][  0]LogConfig: Setting CVar [[r.DOF.Kernel.MaxForegroundRadius:0.025]]
[2019.04.13-06.48.27:722][  0]LogConfig: Setting CVar [[r.DOF.Kernel.MaxBackgroundRadius:0.025]]
[2019.04.13-06.48.27:722][  0]LogConfig: Applying CVar settings from Section [TextureQuality@3] File [D:/GITHUBSHIT (FILES)/CRPG/CRPG/Saved/Config/Windows/Scalability.ini]
[2019.04.13-06.48.27:722][  0]LogConfig: Setting CVar [[r.Streaming.MipBias:0]]
[2019.04.13-06.48.27:722][  0]LogConfig: Setting CVar [[r.Streaming.AmortizeCPUToGPUCopy:0]]
[2019.04.13-06.48.27:722][  0]LogConfig: Setting CVar [[r.Streaming.MaxNumTexturesToStreamPerFrame:0]]
[2019.04.13-06.48.27:722][  0]LogConfig: Setting CVar [[r.Streaming.Boost:1]]
[2019.04.13-06.48.27:722][  0]LogConfig: Setting CVar [[r.MaxAnisotropy:8]]
[2019.04.13-06.48.27:722][  0]LogConfig: Setting CVar [[r.Streaming.LimitPoolSizeToVRAM:0]]
[2019.04.13-06.48.27:722][  0]LogConfig: Setting CVar [[r.Streaming.PoolSize:1000]]
[2019.04.13-06.48.27:722][  0]LogConfig: Setting CVar [[r.Streaming.MaxEffectiveScreenSize:0]]
[2019.04.13-06.48.27:722][  0]LogConfig: Applying CVar settings from Section [EffectsQuality@3] File [D:/GITHUBSHIT (FILES)/CRPG/CRPG/Saved/Config/Windows/Scalability.ini]
[2019.04.13-06.48.27:722][  0]LogConfig: Setting CVar [[r.TranslucencyLightingVolumeDim:64]]
[2019.04.13-06.48.27:722][  0]LogConfig: Setting CVar [[r.RefractionQuality:2]]
[2019.04.13-06.48.27:722][  0]LogConfig: Setting CVar [[r.SSR.Quality:3]]
[2019.04.13-06.48.27:722][  0]LogConfig: Setting CVar [[r.SceneColorFormat:4]]
[2019.04.13-06.48.27:723][  0]LogConfig: Setting CVar [[r.DetailMode:2]]
[2019.04.13-06.48.27:723][  0]LogConfig: Setting CVar [[r.TranslucencyVolumeBlur:1]]
[2019.04.13-06.48.27:723][  0]LogConfig: Setting CVar [[r.MaterialQualityLevel:1 ; High quality]]
[2019.04.13-06.48.27:723][  0]LogConfig: Setting CVar [[r.SSS.Scale:1]]
[2019.04.13-06.48.27:723][  0]LogConfig: Setting CVar [[r.SSS.SampleSet:2]]
[2019.04.13-06.48.27:723][  0]LogConfig: Setting CVar [[r.SSS.Quality:1]]
[2019.04.13-06.48.27:723][  0]LogConfig: Setting CVar [[r.SSS.HalfRes:1]]
[2019.04.13-06.48.27:723][  0]LogConfig: Setting CVar [[r.EmitterSpawnRateScale:1.0]]
[2019.04.13-06.48.27:723][  0]LogConfig: Setting CVar [[r.ParticleLightQuality:2]]
[2019.04.13-06.48.27:723][  0]LogConfig: Applying CVar settings from Section [FoliageQuality@3] File [D:/GITHUBSHIT (FILES)/CRPG/CRPG/Saved/Config/Windows/Scalability.ini]
[2019.04.13-06.48.27:723][  0]LogConfig: Setting CVar [[foliage.DensityScale:1.0]]
[2019.04.13-06.48.27:723][  0]LogConfig: Setting CVar [[grass.DensityScale:1.0]]
[2019.04.13-06.48.27:723][  0]LogInit: Selected Device Profile: [Windows]
[2019.04.13-06.48.27:723][  0]LogInit: Applying CVar settings loaded from the selected device profile: [Windows]
[2019.04.13-06.48.27:823][  0]LogHAL: Display: Platform has ~ 8 GB [8430301184 / 8589934592 / 8], which maps to Default [LargestMinGB=32, LargerMinGB=12, DefaultMinGB=8, SmallerMinGB=6, SmallestMinGB=0)
[2019.04.13-06.48.27:823][  0]LogConfig: Setting CVar [[r.Vulkan.UseRealUBs:1]]
[2019.04.13-06.48.27:823][  0]LogInit: Going up to parent DeviceProfile []
[2019.04.13-06.48.27:824][  0]LogConfig: Applying CVar settings from Section [ViewDistanceQuality@3] File [D:/GITHUBSHIT (FILES)/CRPG/CRPG/Saved/Config/Windows/Scalability.ini]
[2019.04.13-06.48.27:824][  0]LogConfig: Setting CVar [[r.SkeletalMeshLODBias:0]]
[2019.04.13-06.48.27:824][  0]LogConfig: Setting CVar [[r.ViewDistanceScale:1.0]]
[2019.04.13-06.48.27:824][  0]LogConfig: Applying CVar settings from Section [AntiAliasingQuality@3] File [D:/GITHUBSHIT (FILES)/CRPG/CRPG/Saved/Config/Windows/Scalability.ini]
[2019.04.13-06.48.27:824][  0]LogConfig: Setting CVar [[r.PostProcessAAQuality:4]]
[2019.04.13-06.48.27:824][  0]LogConfig: Applying CVar settings from Section [ShadowQuality@3] File [D:/GITHUBSHIT (FILES)/CRPG/CRPG/Saved/Config/Windows/Scalability.ini]
[2019.04.13-06.48.27:824][  0]LogConfig: Setting CVar [[r.LightFunctionQuality:1]]
[2019.04.13-06.48.27:824][  0]LogConfig: Setting CVar [[r.ShadowQuality:5]]
[2019.04.13-06.48.27:824][  0]LogConfig: Setting CVar [[r.Shadow.CSM.MaxCascades:10]]
[2019.04.13-06.48.27:824][  0]LogConfig: Setting CVar [[r.Shadow.MaxResolution:2048]]
[2019.04.13-06.48.27:824][  0]LogConfig: Setting CVar [[r.Shadow.MaxCSMResolution:2048]]
[2019.04.13-06.48.27:824][  0]LogConfig: Setting CVar [[r.Shadow.RadiusThreshold:0.01]]
[2019.04.13-06.48.27:824][  0]LogConfig: Setting CVar [[r.Shadow.DistanceScale:1.0]]
[2019.04.13-06.48.27:824][  0]LogConfig: Setting CVar [[r.Shadow.CSM.TransitionScale:1.0]]
[2019.04.13-06.48.27:824][  0]LogConfig: Setting CVar [[r.Shadow.PreShadowResolutionFactor:1.0]]
[2019.04.13-06.48.27:824][  0]LogConfig: Setting CVar [[r.DistanceFieldShadowing:1]]
[2019.04.13-06.48.27:824][  0]LogConfig: Setting CVar [[r.DistanceFieldAO:1]]
[2019.04.13-06.48.27:824][  0]LogConfig: Setting CVar [[r.AOQuality:2]]
[2019.04.13-06.48.27:824][  0]LogConfig: Setting CVar [[r.VolumetricFog:1]]
[2019.04.13-06.48.27:824][  0]LogConfig: Setting CVar [[r.VolumetricFog.GridPixelSize:8]]
[2019.04.13-06.48.27:824][  0]LogConfig: Setting CVar [[r.VolumetricFog.GridSizeZ:128]]
[2019.04.13-06.48.27:824][  0]LogConfig: Setting CVar [[r.VolumetricFog.HistoryMissSupersampleCount:4]]
[2019.04.13-06.48.27:824][  0]LogConfig: Setting CVar [[r.LightMaxDrawDistanceScale:1]]
[2019.04.13-06.48.27:824][  0]LogConfig: Setting CVar [[r.CapsuleShadows:1]]
[2019.04.13-06.48.27:824][  0]LogConfig: Applying CVar settings from Section [PostProcessQuality@3] File [D:/GITHUBSHIT (FILES)/CRPG/CRPG/Saved/Config/Windows/Scalability.ini]
[2019.04.13-06.48.27:824][  0]LogConfig: Setting CVar [[r.MotionBlurQuality:4]]
[2019.04.13-06.48.27:824][  0]LogConfig: Setting CVar [[r.AmbientOcclusionMipLevelFactor:0.4]]
[2019.04.13-06.48.27:824][  0]LogConfig: Setting CVar [[r.AmbientOcclusionMaxQuality:100]]
[2019.04.13-06.48.27:824][  0]LogConfig: Setting CVar [[r.AmbientOcclusionLevels:-1]]
[2019.04.13-06.48.27:824][  0]LogConfig: Setting CVar [[r.AmbientOcclusionRadiusScale:1.0]]
[2019.04.13-06.48.27:824][  0]LogConfig: Setting CVar [[r.DepthOfFieldQuality:2]]
[2019.04.13-06.48.27:824][  0]LogConfig: Setting CVar [[r.RenderTargetPoolMin:400]]
[2019.04.13-06.48.27:824][  0]LogConfig: Setting CVar [[r.LensFlareQuality:2]]
[2019.04.13-06.48.27:824][  0]LogConfig: Setting CVar [[r.SceneColorFringeQuality:1]]
[2019.04.13-06.48.27:824][  0]LogConfig: Setting CVar [[r.EyeAdaptationQuality:2]]
[2019.04.13-06.48.27:824][  0]LogConfig: Setting CVar [[r.BloomQuality:5]]
[2019.04.13-06.48.27:824][  0]LogConfig: Setting CVar [[r.FastBlurThreshold:100]]
[2019.04.13-06.48.27:824][  0]LogConfig: Setting CVar [[r.Upscale.Quality:3]]
[2019.04.13-06.48.27:824][  0]LogConfig: Setting CVar [[r.Tonemapper.GrainQuantization:1]]
[2019.04.13-06.48.27:824][  0]LogConfig: Setting CVar [[r.LightShaftQuality:1]]
[2019.04.13-06.48.27:824][  0]LogConfig: Setting CVar [[r.Filter.SizeScale:1]]
[2019.04.13-06.48.27:824][  0]LogConfig: Setting CVar [[r.Tonemapper.Quality:5]]
[2019.04.13-06.48.27:824][  0]LogConfig: Setting CVar [[r.DOF.Gather.AccumulatorQuality:1        ; higher gathering accumulator quality]]
[2019.04.13-06.48.27:824][  0]LogConfig: Setting CVar [[r.DOF.Gather.PostfilterMethod:1          ; Median3x3 postfilering method]]
[2019.04.13-06.48.27:824][  0]LogConfig: Setting CVar [[r.DOF.Gather.EnableBokehSettings:0       ; no bokeh simulation when gathering]]
[2019.04.13-06.48.27:824][  0]LogConfig: Setting CVar [[r.DOF.Gather.RingCount:4                 ; medium number of samples when gathering]]
[2019.04.13-06.48.27:824][  0]LogConfig: Setting CVar [[r.DOF.Scatter.ForegroundCompositing:1    ; additive foreground scattering]]
[2019.04.13-06.48.27:824][  0]LogConfig: Setting CVar [[r.DOF.Scatter.BackgroundCompositing:2    ; additive background scattering]]
[2019.04.13-06.48.27:824][  0]LogConfig: Setting CVar [[r.DOF.Scatter.EnableBokehSettings:1      ; bokeh simulation when scattering]]
[2019.04.13-06.48.27:824][  0]LogConfig: Setting CVar [[r.DOF.Scatter.MaxSpriteRatio:0.1         ; only a maximum of 10% of scattered bokeh]]
[2019.04.13-06.48.27:824][  0]LogConfig: Setting CVar [[r.DOF.Recombine.Quality:1                ; cheap slight out of focus]]
[2019.04.13-06.48.27:824][  0]LogConfig: Setting CVar [[r.DOF.Recombine.EnableBokehSettings:0    ; no bokeh simulation on slight out of focus]]
[2019.04.13-06.48.27:824][  0]LogConfig: Setting CVar [[r.DOF.TemporalAAQuality:1                ; more stable temporal accumulation]]
[2019.04.13-06.48.27:824][  0]LogConfig: Setting CVar [[r.DOF.Kernel.MaxForegroundRadius:0.025]]
[2019.04.13-06.48.27:824][  0]LogConfig: Setting CVar [[r.DOF.Kernel.MaxBackgroundRadius:0.025]]
[2019.04.13-06.48.27:824][  0]LogConfig: Applying CVar settings from Section [TextureQuality@3] File [D:/GITHUBSHIT (FILES)/CRPG/CRPG/Saved/Config/Windows/Scalability.ini]
[2019.04.13-06.48.27:824][  0]LogConfig: Setting CVar [[r.Streaming.MipBias:0]]
[2019.04.13-06.48.27:824][  0]LogConfig: Setting CVar [[r.Streaming.AmortizeCPUToGPUCopy:0]]
[2019.04.13-06.48.27:824][  0]LogConfig: Setting CVar [[r.Streaming.MaxNumTexturesToStreamPerFrame:0]]
[2019.04.13-06.48.27:824][  0]LogConfig: Setting CVar [[r.Streaming.Boost:1]]
[2019.04.13-06.48.27:824][  0]LogConfig: Setting CVar [[r.MaxAnisotropy:8]]
[2019.04.13-06.48.27:824][  0]LogConfig: Setting CVar [[r.Streaming.LimitPoolSizeToVRAM:0]]
[2019.04.13-06.48.27:824][  0]LogConfig: Setting CVar [[r.Streaming.PoolSize:1000]]
[2019.04.13-06.48.27:824][  0]LogConfig: Setting CVar [[r.Streaming.MaxEffectiveScreenSize:0]]
[2019.04.13-06.48.27:824][  0]LogConfig: Applying CVar settings from Section [EffectsQuality@3] File [D:/GITHUBSHIT (FILES)/CRPG/CRPG/Saved/Config/Windows/Scalability.ini]
[2019.04.13-06.48.27:824][  0]LogConfig: Setting CVar [[r.TranslucencyLightingVolumeDim:64]]
[2019.04.13-06.48.27:824][  0]LogConfig: Setting CVar [[r.RefractionQuality:2]]
[2019.04.13-06.48.27:824][  0]LogConfig: Setting CVar [[r.SSR.Quality:3]]
[2019.04.13-06.48.27:824][  0]LogConfig: Setting CVar [[r.SceneColorFormat:4]]
[2019.04.13-06.48.27:824][  0]LogConfig: Setting CVar [[r.DetailMode:2]]
[2019.04.13-06.48.27:824][  0]LogConfig: Setting CVar [[r.TranslucencyVolumeBlur:1]]
[2019.04.13-06.48.27:824][  0]LogConfig: Setting CVar [[r.MaterialQualityLevel:1 ; High quality]]
[2019.04.13-06.48.27:824][  0]LogConfig: Setting CVar [[r.SSS.Scale:1]]
[2019.04.13-06.48.27:824][  0]LogConfig: Setting CVar [[r.SSS.SampleSet:2]]
[2019.04.13-06.48.27:824][  0]LogConfig: Setting CVar [[r.SSS.Quality:1]]
[2019.04.13-06.48.27:825][  0]LogConfig: Setting CVar [[r.SSS.HalfRes:1]]
[2019.04.13-06.48.27:825][  0]LogConfig: Setting CVar [[r.EmitterSpawnRateScale:1.0]]
[2019.04.13-06.48.27:825][  0]LogConfig: Setting CVar [[r.ParticleLightQuality:2]]
[2019.04.13-06.48.27:825][  0]LogConfig: Applying CVar settings from Section [FoliageQuality@3] File [D:/GITHUBSHIT (FILES)/CRPG/CRPG/Saved/Config/Windows/Scalability.ini]
[2019.04.13-06.48.27:825][  0]LogConfig: Setting CVar [[foliage.DensityScale:1.0]]
[2019.04.13-06.48.27:825][  0]LogConfig: Setting CVar [[grass.DensityScale:1.0]]
[2019.04.13-06.48.27:825][  0]LogConfig: Applying CVar settings from Section [Startup] File [../../../Engine/Config/ConsoleVariables.ini]
[2019.04.13-06.48.27:825][  0]LogConfig: Setting CVar [[net.UseAdaptiveNetUpdateFrequency:0]]
[2019.04.13-06.48.27:825][  0]LogConfig: Applying CVar settings from Section [ConsoleVariables] File [D:/GITHUBSHIT (FILES)/CRPG/CRPG/Saved/Config/Windows/Engine.ini]
[2019.04.13-06.48.27:825][  0]LogInit: Computer: DESKTOP-CU2OTEB
[2019.04.13-06.48.27:825][  0]LogInit: User: Jesse
[2019.04.13-06.48.27:825][  0]LogInit: CPU Page size=4096, Cores=4
[2019.04.13-06.48.27:825][  0]LogInit: High frequency timer resolution =3.417969 MHz
[2019.04.13-06.48.27:825][  0]LogMemory: Memory total: Physical=7.9GB (8GB approx)
[2019.04.13-06.48.27:825][  0]LogMemory: Platform Memory Stats for Windows
[2019.04.13-06.48.27:825][  0]LogMemory: Process Physical Memory: 102.31 MB used, 102.31 MB peak
[2019.04.13-06.48.27:825][  0]LogMemory: Process Virtual Memory: 91.30 MB used, 91.30 MB peak
[2019.04.13-06.48.27:825][  0]LogMemory: Physical Memory: 5841.84 MB used,  2197.92 MB free, 8039.76 MB total
[2019.04.13-06.48.27:825][  0]LogMemory: Virtual Memory: 4647.83 MB used,  134213080.00 MB free, 134217728.00 MB total
[2019.04.13-06.48.27:861][  0]LogInit: Using OS detected language (en-US).
[2019.04.13-06.48.27:861][  0]LogInit: Using OS detected locale (en-AU).
[2019.04.13-06.48.27:864][  0]LogTextLocalizationManager: No specific localization for 'en-US' exists, so the 'en' localization will be used.
[2019.04.13-06.48.28:587][  0]LogStreaming: Display: Took  0.725s to InitEngineTextLocalization.
[2019.04.13-06.48.28:587][  0]LogInit: Setting process to per monitor DPI aware
[2019.04.13-06.48.28:708][  0]LogSlate: New Slate User Created.  User Index 0, Is Virtual User: 0
[2019.04.13-06.48.28:709][  0]LogSlate: Slate User Registered.  User Index 0, Is Virtual User: 0
[2019.04.13-06.48.29:359][  0]LogHMD: Failed to initialize OpenVR with code 110
[2019.04.13-06.48.29:360][  0]LogD3D11RHI: D3D11 adapters:
[2019.04.13-06.48.29:422][  0]LogD3D11RHI:    0. 'Radeon RX 580 Series' (Feature Level 11_0)
[2019.04.13-06.48.29:422][  0]LogD3D11RHI:       8172/0/4019 MB DedicatedVideo/DedicatedSystem/SharedSystem, Outputs:3, VendorId:0x1002
[2019.04.13-06.48.29:430][  0]LogD3D11RHI:    1. 'Microsoft Basic Render Driver' (Feature Level 11_0)
[2019.04.13-06.48.29:430][  0]LogD3D11RHI:       0/0/4019 MB DedicatedVideo/DedicatedSystem/SharedSystem, Outputs:0, VendorId:0x1414
[2019.04.13-06.48.29:431][  0]LogD3D11RHI: Chosen D3D11 Adapter: 0
[2019.04.13-06.48.29:445][  0]LogD3D11RHI: Creating new Direct3DDevice
[2019.04.13-06.48.29:445][  0]LogD3D11RHI:     GPU DeviceId: 0x67df (for the marketing name, search the web for "GPU Device Id")
[2019.04.13-06.48.29:445][  0]LogWindows: EnumDisplayDevices:
[2019.04.13-06.48.29:445][  0]LogWindows:    0. 'Radeon RX 580 Series' (P:1 D:1)
[2019.04.13-06.48.29:447][  0]LogWindows:    1. 'Radeon RX 580 Series' (P:0 D:1)
[2019.04.13-06.48.29:448][  0]LogWindows:    2. 'Radeon RX 580 Series' (P:0 D:1)
[2019.04.13-06.48.29:450][  0]LogWindows:    3. 'Radeon RX 580 Series' (P:0 D:0)
[2019.04.13-06.48.29:452][  0]LogWindows:    4. 'Radeon RX 580 Series' (P:0 D:0)
[2019.04.13-06.48.29:453][  0]LogWindows:    5. 'Radeon RX 580 Series' (P:0 D:0)
[2019.04.13-06.48.29:454][  0]LogWindows:    6. 'Radeon RX 580 Series' (P:0 D:0)
[2019.04.13-06.48.29:455][  0]LogWindows:    7. 'Radeon RX 580 Series' (P:0 D:0)
[2019.04.13-06.48.29:456][  0]LogWindows: DebugString: FoundDriverCount:8 
[2019.04.13-06.48.29:456][  0]LogD3D11RHI:     Adapter Name: Radeon RX 580 Series
[2019.04.13-06.48.29:457][  0]LogD3D11RHI:   Driver Version: Adrenalin 2019 19.2.1 (internal:25.20.15017.1010, unified:25.20.15017.1010)
[2019.04.13-06.48.29:457][  0]LogD3D11RHI:      Driver Date: 2-1-2019
[2019.04.13-06.48.29:457][  0]LogRHI: Texture pool is 5720 MB (70% of 8172 MB)
[2019.04.13-06.48.29:643][  0]LogD3D11RHI: Async texture creation enabled
[2019.04.13-06.48.29:662][  0]LogD3D11RHI: GPU Timing Frequency: 25.000000 (Debug: 2 1)
[2019.04.13-06.48.30:842][  0]LogTemp: Display: Loaded TP AllDesktopTargetPlatform
[2019.04.13-06.48.30:867][  0]LogTemp: Display: Loaded TP MacClientTargetPlatform
[2019.04.13-06.48.30:899][  0]LogTemp: Display: Loaded TP MacNoEditorTargetPlatform
[2019.04.13-06.48.30:937][  0]LogTemp: Display: Loaded TP MacServerTargetPlatform
[2019.04.13-06.48.30:972][  0]LogTemp: Display: Loaded TP MacTargetPlatform
[2019.04.13-06.48.31:004][  0]LogTemp: Display: Loaded TP WindowsClientTargetPlatform
[2019.04.13-06.48.31:040][  0]LogTemp: Display: Loaded TP WindowsNoEditorTargetPlatform
[2019.04.13-06.48.31:072][  0]LogTemp: Display: Loaded TP WindowsServerTargetPlatform
[2019.04.13-06.48.31:092][  0]LogTemp: Display: Loaded TP WindowsTargetPlatform
[2019.04.13-06.48.31:263][  0]LogTemp: Display: Loaded TP AndroidTargetPlatform
[2019.04.13-06.48.31:263][  0]LogTemp: Display: Loaded TP AndroidTargetPlatform
[2019.04.13-06.48.31:263][  0]LogTemp: Display: Loaded TP AndroidTargetPlatform
[2019.04.13-06.48.31:263][  0]LogTemp: Display: Loaded TP AndroidTargetPlatform
[2019.04.13-06.48.31:263][  0]LogTemp: Display: Loaded TP AndroidTargetPlatform
[2019.04.13-06.48.31:263][  0]LogTemp: Display: Loaded TP AndroidTargetPlatform
[2019.04.13-06.48.31:264][  0]LogTemp: Display: Loaded TP AndroidTargetPlatform
[2019.04.13-06.48.31:264][  0]LogTemp: Display: Loaded TP AndroidTargetPlatform
[2019.04.13-06.48.31:264][  0]LogTemp: Display: Loaded TP AndroidTargetPlatform
[2019.04.13-06.48.31:264][  0]LogTemp: Display: Loaded TP AndroidTargetPlatform
[2019.04.13-06.48.31:264][  0]LogTemp: Display: Loaded TP AndroidTargetPlatform
[2019.04.13-06.48.31:264][  0]LogTemp: Display: Loaded TP AndroidTargetPlatform
[2019.04.13-06.48.31:264][  0]LogTemp: Display: Loaded TP AndroidTargetPlatform
[2019.04.13-06.48.31:264][  0]LogTemp: Display: Loaded TP AndroidTargetPlatform
[2019.04.13-06.48.31:264][  0]LogTemp: Display: Loaded TP AndroidTargetPlatform
[2019.04.13-06.48.31:264][  0]LogTemp: Display: Loaded TP AndroidTargetPlatform
[2019.04.13-06.48.31:264][  0]LogTemp: Display: Loaded TP AndroidTargetPlatform
[2019.04.13-06.48.31:264][  0]LogTemp: Display: Loaded TP AndroidTargetPlatform
[2019.04.13-06.48.31:267][  0]LogTemp: Display: Loaded TP HTML5TargetPlatform
[2019.04.13-06.48.31:373][  0]LogTemp: Display: Loaded TP IOSTargetPlatform
[2019.04.13-06.48.31:373][  0]LogTemp: Display: Loaded TP IOSTargetPlatform
[2019.04.13-06.48.31:427][  0]LogTemp: Display: Loaded TP TVOSTargetPlatform
[2019.04.13-06.48.31:427][  0]LogTemp: Display: Loaded TP TVOSTargetPlatform
[2019.04.13-06.48.31:465][  0]LogTemp: Display: Loaded TP LinuxClientTargetPlatform
[2019.04.13-06.48.31:495][  0]LogTemp: Display: Loaded TP LinuxNoEditorTargetPlatform
[2019.04.13-06.48.31:524][  0]LogTemp: Display: Loaded TP LinuxServerTargetPlatform
[2019.04.13-06.48.31:553][  0]LogTemp: Display: Loaded TP LinuxTargetPlatform
[2019.04.13-06.48.31:687][  0]LogTemp: Display: Loaded TP LuminTargetPlatform
[2019.04.13-06.48.31:687][  0]LogTemp: Display: Loaded TP LuminTargetPlatform
[2019.04.13-06.48.31:687][  0]LogTargetPlatformManager: Display: Building Assets For Windows
[2019.04.13-06.48.31:825][  0]LogShaderCompilers: Guid format shader working directory is 3 characters bigger than the processId version (../../../../../GITHUBSHIT (FILES)/CRPG/CRPG/Intermediate/Shaders/WorkingDirectory/1484/).
[2019.04.13-06.48.31:825][  0]LogShaderCompilers: Cleaned the shader compiler working directory 'C:/Users/Jesse/AppData/Local/Temp/UnrealShaderWorkingDir/A91F69CB4C95BC9D34CAC69E3761B77A/'.
[2019.04.13-06.48.31:830][  0]LogXGEController: Cannot use XGE Controller as Incredibuild is not installed on this machine.
[2019.04.13-06.48.31:830][  0]LogShaderCompilers: Cannot use XGE Shader Compiler as Incredibuild is not installed on this machine.
[2019.04.13-06.48.31:830][  0]LogShaderCompilers: Display: Using Local Shader Compiler.
[2019.04.13-06.48.33:228][  0]LogDerivedDataCache: Display: Max Cache Size: 512 MB
[2019.04.13-06.48.33:466][  0]LogDerivedDataCache: Loaded boot cache 0.24s 71MB C:/Users/Jesse/AppData/Local/UnrealEngine/4.21/DerivedDataCache/Boot.ddc.
[2019.04.13-06.48.33:467][  0]LogDerivedDataCache: Display: Loaded Boot cache: C:/Users/Jesse/AppData/Local/UnrealEngine/4.21/DerivedDataCache/Boot.ddc
[2019.04.13-06.48.33:467][  0]LogDerivedDataCache: FDerivedDataBackendGraph:  Pak pak cache file ../../../../../GITHUBSHIT (FILES)/CRPG/CRPG/DerivedDataCache/DDC.ddp not found, will not use a pak cache.
[2019.04.13-06.48.33:467][  0]LogDerivedDataCache: Unable to find inner node Pak for hierarchical cache Hierarchy.
[2019.04.13-06.48.33:467][  0]LogDerivedDataCache: FDerivedDataBackendGraph:  CompressedPak pak cache file ../../../../../GITHUBSHIT (FILES)/CRPG/CRPG/DerivedDataCache/Compressed.ddp not found, will not use a pak cache.
[2019.04.13-06.48.33:467][  0]LogDerivedDataCache: Unable to find inner node CompressedPak for hierarchical cache Hierarchy.
[2019.04.13-06.48.33:494][  0]LogDerivedDataCache: Display: Pak cache opened for reading ../../../Engine/DerivedDataCache/Compressed.ddp.
[2019.04.13-06.48.33:494][  0]LogDerivedDataCache: FDerivedDataBackendGraph:  EnterprisePak pak cache file ../../../Enterprise/DerivedDataCache/Compressed.ddp not found, will not use a pak cache.
[2019.04.13-06.48.33:494][  0]LogDerivedDataCache: Unable to find inner node EnterprisePak for hierarchical cache Hierarchy.
[2019.04.13-06.48.33:510][  0]LogDerivedDataCache: Using Local data cache path C:/Users/Jesse/AppData/Local/UnrealEngine/Common/DerivedDataCache: Writable
[2019.04.13-06.48.33:510][  0]LogDerivedDataCache: Shared data cache path not found in *engine.ini, will not use an Shared cache.
[2019.04.13-06.48.33:510][  0]LogDerivedDataCache: Unable to find inner node Shared for hierarchical cache Hierarchy.
[2019.04.13-06.48.33:549][  0]LogMaterial: Verifying Global Shaders for PCD3D_SM5
[2019.04.13-06.48.33:551][  0]LogSlate: Using FreeType 2.6.0
[2019.04.13-06.48.33:554][  0]LogSlate: SlateFontServices - WITH_FREETYPE: 1, WITH_HARFBUZZ: 1
[2019.04.13-06.48.33:710][  0]LogAssetRegistry: FAssetRegistry took 0.0422 seconds to start up
[2019.04.13-06.48.34:364][  0]LogInit: Selected Device Profile: [Windows]
[2019.04.13-06.48.34:617][  0]LogSimplygon: Simplygon DLL not present - disabling.
[2019.04.13-06.48.34:622][  0]LogMeshReduction: Using SimplygonSwarm for distributed automatic mesh merging
[2019.04.13-06.48.34:622][  0]LogMeshReduction: Using ProxyLODMeshReduction for automatic mesh merging
[2019.04.13-06.48.34:622][  0]LogMeshReduction: Using QuadricMeshReduction for automatic static mesh reduction
[2019.04.13-06.48.34:622][  0]LogMeshReduction: No automatic skeletal mesh reduction module available
[2019.04.13-06.48.34:645][  0]LogNetVersion: CRPG 1.0.0, NetCL: 4541578, EngineNetVer: 5, GameNetVer: 0 (Checksum: 4179800843)
[2019.04.13-06.48.36:825][  0]LogPackageLocalizationCache: Processed 11 localized package path(s) for 2 prioritized culture(s) in 1.218986 seconds
[2019.04.13-06.48.36:851][  0]LogUObjectArray: 39775 objects as part of root set at end of initial load.
[2019.04.13-06.48.36:851][  0]LogUObjectAllocator: 6914656 out of 0 bytes used by permanent object pool.
[2019.04.13-06.48.36:851][  0]LogUObjectArray: CloseDisregardForGC: 0/0 objects in disregard for GC pool
[2019.04.13-06.48.39:472][  0]LogTcpMessaging: Initializing TcpMessaging bridge
[2019.04.13-06.48.39:496][  0]LogUdpMessaging: Initializing bridge on interface 0.0.0.0:0 to multicast group 230.0.0.1:6666.
[2019.04.13-06.48.41:995][  0]SourceControl: Source control is disabled
[2019.04.13-06.48.43:751][  0]LogAndroidPermission: UAndroidPermissionCallbackProxy::GetInstance
[2019.04.13-06.48.43:932][  0]LogOcInput: OculusInput pre-init called
[2019.04.13-06.48.44:089][  0]LogEngine: Initializing Engine...
[2019.04.13-06.48.44:091][  0]LogHMD: Failed to initialize OpenVR with code 110
[2019.04.13-06.48.44:093][  0]LogStats: UGameplayTagsManager::ConstructGameplayTagTree: ImportINI prefixes -  0.000 s
[2019.04.13-06.48.44:093][  0]LogStats: UGameplayTagsManager::ConstructGameplayTagTree: Construct from data asset -  0.000 s
[2019.04.13-06.48.44:094][  0]LogStats: UGameplayTagsManager::ConstructGameplayTagTree: ImportINI -  0.001 s
[2019.04.13-06.48.44:094][  0]LogStats: UGameplayTagsManager::ConstructGameplayTagTree: GameplayTagTreeChangedEvent.Broadcast -  0.000 s
[2019.04.13-06.48.44:610][  0]LogInit: Initializing FReadOnlyCVARCache
[2019.04.13-06.48.44:646][  0]LogAIModule: Creating AISystem for world Untitled
[2019.04.13-06.48.44:748][  0]LogInit: XAudio2 using 'Speakers (ASUS Xonar DX Audio Device)' : 6 channels at 48 kHz using 24 bits per sample (channel mask 0x3f)
[2019.04.13-06.48.44:783][  0]LogInit: FAudioDevice initialized.
[2019.04.13-06.48.44:784][  0]LogNetVersion: Set ProjectVersion to 1.0.0.0. Version Checksum will be recalculated on next use.
[2019.04.13-06.48.45:052][  0]LogDerivedDataCache: Saved boot cache 0.27s 71MB C:/Users/Jesse/AppData/Local/UnrealEngine/4.21/DerivedDataCache/Boot.ddc.
[2019.04.13-06.48.45:069][  0]LogInit: Texture streaming: Enabled
[2019.04.13-06.48.45:107][  0]LogEngineSessionManager: EngineSessionManager initialized
[2019.04.13-06.48.45:135][  0]LogInit: Transaction tracking system initialized
[2019.04.13-06.48.45:172][  0]BlueprintLog: New page: Editor Load
[2019.04.13-06.48.45:482][  0]LocalizationService: Localization service is disabled
[2019.04.13-06.48.48:340][  0]LogFileCache: Scanning file cache for directory 'D:/GITHUBSHIT (FILES)/CRPG/CRPG/Content/' took 0.03s
[2019.04.13-06.48.48:340][  0]LogCook: Display: Max memory allowance for cook 16384mb min free memory 0mb
[2019.04.13-06.48.48:340][  0]LogCook: Display: Mobile HDR setting 1
[2019.04.13-06.48.48:340][  0]LogGameplayTags: Display: UGameplayTagsManager::DoneAddingNativeTags. DelegateIsBound: 0
[2019.04.13-06.48.48:340][  0]LogStats: UGameplayTagsManager::ConstructGameplayTagTree: ImportINI prefixes -  0.000 s
[2019.04.13-06.48.48:340][  0]LogStats: UGameplayTagsManager::ConstructGameplayTagTree: Construct from data asset -  0.000 s
[2019.04.13-06.48.48:341][  0]LogStats: UGameplayTagsManager::ConstructGameplayTagTree: ImportINI -  0.000 s
[2019.04.13-06.48.48:341][  0]LogStats: UGameplayTagsManager::ConstructGameplayTagTree: GameplayTagTreeChangedEvent.Broadcast -  0.000 s
[2019.04.13-06.48.48:616][  0]Cmd: MAP LOAD FILE="../../../../../GITHUBSHIT (FILES)/CRPG/CRPG/Content/Levels/TestingLevel.umap" TEMPLATE=0 SHOWPROGRESS=1 FEATURELEVEL=3
[2019.04.13-06.48.48:616][  0]LightingResults: New page: Lighting Build
[2019.04.13-06.48.48:619][  0]MapCheck: New page: Map Check
[2019.04.13-06.48.48:619][  0]LightingResults: New page: Lighting Build
[2019.04.13-06.48.48:985][  0]LogAIModule: Creating AISystem for world TestingLevel
[2019.04.13-06.48.49:049][  0]LogEditorServer: Finished looking for orphan Actors (0.000 secs)
[2019.04.13-06.48.49:117][  0]Cmd: MAP CHECKDEP NOCLEARLOG
[2019.04.13-06.48.49:117][  0]MapCheck: Map check complete: 0 Error(s), 0 Warning(s), took 0.197ms to complete.
[2019.04.13-06.48.49:117][  0]LogFileHelpers: Loading map 'TestingLevel' took 0.501
[2019.04.13-06.48.49:321][  0]LogSlate: Updating window title bar state: overlay mode, drag disabled, window buttons hidden, title bar hidden
[2019.04.13-06.48.49:336][  0]LogSlate: Updating window title bar state: overlay mode, drag disabled, window buttons hidden, title bar hidden
[2019.04.13-06.48.49:357][  0]LogSlate: Updating window title bar state: overlay mode, drag disabled, window buttons hidden, title bar hidden
[2019.04.13-06.48.49:370][  0]LogSlate: Updating window title bar state: overlay mode, drag disabled, window buttons hidden, title bar hidden
[2019.04.13-06.48.49:383][  0]LogCollectionManager: Loaded 0 collections in 0.002607 seconds
[2019.04.13-06.48.49:432][  0]LogFileCache: Scanning file cache for directory 'D:/GITHUBSHIT (FILES)/CRPG/CRPG/Saved/Collections/' took 0.01s
[2019.04.13-06.48.49:432][  0]LogFileCache: Scanning file cache for directory 'D:/GITHUBSHIT (FILES)/CRPG/CRPG/Content/Developers/Jesse/Collections/' took 0.01s
[2019.04.13-06.48.49:432][  0]LogFileCache: Scanning file cache for directory 'D:/GITHUBSHIT (FILES)/CRPG/CRPG/Content/Collections/' took 0.01s
[2019.04.13-06.48.49:432][  0]LogCollectionManager: Rebuilt the GUID cache for 0 collections in 0.000001 seconds
[2019.04.13-06.48.49:451][  0]LogContentBrowser: Native class hierarchy populated in 0.0188 seconds. Added 2651 classes and 620 folders.
[2019.04.13-06.48.49:462][  0]LogContentBrowser: Native class hierarchy updated for 'WidgetCarousel' in 0.0006 seconds. Added 0 classes and 0 folders.
[2019.04.13-06.48.49:466][  0]LogPakFile: Registered encryption key '00000000000000000000000000000000': 0 pak files mounted, 0 remain pending
[2019.04.13-06.48.49:467][  0]LogPakFile: Registered encryption key '00000000000000000000000000000000': 0 pak files mounted, 0 remain pending
[2019.04.13-06.48.49:468][  0]LogPakFile: Registered encryption key '00000000000000000000000000000000': 0 pak files mounted, 0 remain pending
[2019.04.13-06.48.49:469][  0]LogPakFile: Registered encryption key '00000000000000000000000000000000': 0 pak files mounted, 0 remain pending
[2019.04.13-06.48.49:470][  0]LogPakFile: Registered encryption key '00000000000000000000000000000000': 0 pak files mounted, 0 remain pending
[2019.04.13-06.48.49:472][  0]LogPakFile: Registered encryption key '00000000000000000000000000000000': 0 pak files mounted, 0 remain pending
[2019.04.13-06.48.49:473][  0]LogPakFile: Registered encryption key '00000000000000000000000000000000': 0 pak files mounted, 0 remain pending
[2019.04.13-06.48.49:474][  0]LogPakFile: Registered encryption key '00000000000000000000000000000000': 0 pak files mounted, 0 remain pending
[2019.04.13-06.48.49:475][  0]LogPakFile: Registered encryption key '00000000000000000000000000000000': 0 pak files mounted, 0 remain pending
[2019.04.13-06.48.49:476][  0]LogPakFile: Registered encryption key '00000000000000000000000000000000': 0 pak files mounted, 0 remain pending
[2019.04.13-06.48.49:478][  0]LogPakFile: Registered encryption key '00000000000000000000000000000000': 0 pak files mounted, 0 remain pending
[2019.04.13-06.48.49:480][  0]LogPakFile: Registered encryption key '00000000000000000000000000000000': 0 pak files mounted, 0 remain pending
[2019.04.13-06.48.49:482][  0]LogPakFile: Registered encryption key '00000000000000000000000000000000': 0 pak files mounted, 0 remain pending
[2019.04.13-06.48.49:485][  0]LogPakFile: Registered encryption key '00000000000000000000000000000000': 0 pak files mounted, 0 remain pending
[2019.04.13-06.48.49:488][  0]LogPakFile: Registered encryption key '00000000000000000000000000000000': 0 pak files mounted, 0 remain pending
[2019.04.13-06.48.49:489][  0]LogPakFile: Registered encryption key '00000000000000000000000000000000': 0 pak files mounted, 0 remain pending
[2019.04.13-06.48.49:491][  0]LogPakFile: Registered encryption key '00000000000000000000000000000000': 0 pak files mounted, 0 remain pending
[2019.04.13-06.48.49:493][  0]LogPakFile: Registered encryption key '00000000000000000000000000000000': 0 pak files mounted, 0 remain pending
[2019.04.13-06.48.49:495][  0]LogPakFile: Registered encryption key '00000000000000000000000000000000': 0 pak files mounted, 0 remain pending
[2019.04.13-06.48.49:497][  0]LogPakFile: Registered encryption key '00000000000000000000000000000000': 0 pak files mounted, 0 remain pending
[2019.04.13-06.48.49:499][  0]LogPakFile: Registered encryption key '00000000000000000000000000000000': 0 pak files mounted, 0 remain pending
[2019.04.13-06.48.49:501][  0]LogPakFile: Registered encryption key '00000000000000000000000000000000': 0 pak files mounted, 0 remain pending
[2019.04.13-06.48.49:502][  0]LogPakFile: Registered encryption key '00000000000000000000000000000000': 0 pak files mounted, 0 remain pending
[2019.04.13-06.48.49:504][  0]LogPakFile: Registered encryption key '00000000000000000000000000000000': 0 pak files mounted, 0 remain pending
[2019.04.13-06.48.49:505][  0]LogPakFile: Registered encryption key '00000000000000000000000000000000': 0 pak files mounted, 0 remain pending
[2019.04.13-06.48.49:507][  0]LogPakFile: Registered encryption key '00000000000000000000000000000000': 0 pak files mounted, 0 remain pending
[2019.04.13-06.48.49:614][  0]LogContentBrowser: Native class hierarchy updated for 'AddContentDialog' in 0.0016 seconds. Added 0 classes and 0 folders.
[2019.04.13-06.48.49:622][  0]LogContentBrowser: Native class hierarchy updated for 'SceneOutliner' in 0.0007 seconds. Added 1 classes and 2 folders.
[2019.04.13-06.48.52:559][  0]LogSlate: Only BGRA pngs, bmps or icos are supported in by External Image Picker
[2019.04.13-06.48.52:623][  0]LogSlate: Took 0.000776 seconds to synchronously load lazily loaded font '../../../Engine/Content/Slate/Fonts/Roboto-Regular.ttf' (155K)
[2019.04.13-06.48.52:626][  0]LogSlate: Took 0.000508 seconds to synchronously load lazily loaded font '../../../Engine/Content/Slate/Fonts/Roboto-Bold.ttf' (160K)
[2019.04.13-06.48.52:638][  0]LogSlate: Took 0.000549 seconds to synchronously load lazily loaded font '../../../Engine/Content/Editor/Slate/Fonts/FontAwesome.ttf' (139K)
[2019.04.13-06.48.52:814][  0]LogTemp: Executing iPhonePackager certificates Engine -bundlename com.YourCompany.CRPG
[2019.04.13-06.48.52:814][  0]LogTemp: CWD: D:\unrealengine\UE_4.21\Engine\Binaries\DotNET\IOS
[2019.04.13-06.48.52:814][  0]LogTemp: Initial Dir: D:\unrealengine\UE_4.21
[2019.04.13-06.48.52:814][  0]LogTemp: Env CWD: D:\unrealengine\UE_4.21\Engine\Binaries\DotNET\IOS
[2019.04.13-06.48.52:814][  0]LogTemp: BranchPath = DESKTOP-CU2OTEB/D/unrealengine/UE_4.21/Engine/Binaries --- GameBranchPath = DESKTOP-CU2OTEB/D/unrealengine/UE_4.21/Engine/Binaries
[2019.04.13-06.48.52:814][  0]LogTemp: IPP ERROR: Could not find provision directory 'C:\Users\Jesse\AppData\Local/Apple Computer/MobileDevice/Provisioning Profiles/'.
[2019.04.13-06.48.52:814][  0]LogRenderer: Reallocating scene render targets to support 1208x576 Format 10 NumSamples 1 (Frame:1).
[2019.04.13-06.48.54:034][  0]LogContentBrowser: Native class hierarchy updated for 'HierarchicalLODOutliner' in 0.0004 seconds. Added 0 classes and 0 folders.
[2019.04.13-06.48.54:034][  0]LogLoad: (Engine Initialization) Total time: 31.37 seconds
[2019.04.13-06.48.54:034][  0]LogLoad: (Engine Initialization) Total Blueprint compile time: 0.00 seconds
[2019.04.13-06.48.54:189][  0]LogContentStreaming: Texture pool size now 1000 MB
[2019.04.13-06.48.54:226][  0]LogSlate: Took 0.000329 seconds to synchronously load lazily loaded font '../../../Engine/Content/Slate/Fonts/Roboto-Light.ttf' (167K)
[2019.04.13-06.48.54:642][  3]LogAssetRegistry: Asset discovery search completed in 20.9566 seconds
[2019.04.13-06.48.54:644][  3]LogCollectionManager: Rebuilt the object cache for 0 collections in 0.000000 seconds (found 0 objects)
[2019.04.13-06.48.54:644][  3]LogCollectionManager: Fixed up redirectors for 0 collections in 0.000054 seconds (updated 0 objects)
[2019.04.13-06.48.56:514][  6]LogSlate: Took 0.000509 seconds to synchronously load lazily loaded font '../../../Engine/Content/Slate/Fonts/Roboto-Light.ttf' (167K)
[2019.04.13-06.48.59:541][ 15]LogFileCache: Retrieving MD5 hashes for directory 'D:/GITHUBSHIT (FILES)/CRPG/CRPG/Content/' took 5.48s
[2019.04.13-06.49.14:169][ 59]LogSlate: FSceneViewport::OnFocusLost() reason 0
[2019.04.13-06.49.14:490][ 59]LogAssetEditorManager: Opening Asset editor for Blueprint /Game/Characters/MyPlayerController.MyPlayerController
[2019.04.13-06.49.15:360][ 59]LogContentBrowser: Native class hierarchy updated for 'BlueprintGraph' in 0.0008 seconds. Added 117 classes and 0 folders.
[2019.04.13-06.49.19:337][ 59]LogAssetEditorManager: Opening Asset editor for Blueprint /Game/Characters/MyPlayerCharacter.MyPlayerCharacter
[2019.04.13-06.49.23:025][ 59]LogSlate: Took 0.111484 seconds to synchronously load lazily loaded font '../../../Engine/Content/Slate/Fonts/Roboto-BoldCondensed.ttf' (158K)
[2019.04.13-06.49.29:495][ 86]LogSlate: Took 0.068834 seconds to synchronously load lazily loaded font '../../../Engine/Content/Slate/Fonts/Roboto-Italic.ttf' (157K)
[2019.04.13-06.49.30:627][126]LogSlate: Window 'MyPlayerCharacter' being destroyed
[2019.04.13-06.49.33:347][287]LogTemp: Repeating last play command: Selected Viewport
[2019.04.13-06.49.33:504][287]LogBlueprintUserMessages: Early PlayInEditor Detection: Level '/Game/Levels/TestingLevel.TestingLevel:PersistentLevel' has LevelScriptBlueprint '/Game/Levels/TestingLevel.TestingLevel:PersistentLevel.TestingLevel' with GeneratedClass '/Game/Levels/TestingLevel.TestingLevel_C' with ClassGeneratedBy '/Game/Levels/TestingLevel.TestingLevel:PersistentLevel.TestingLevel'
[2019.04.13-06.49.33:537][287]LogPlayLevel: PlayLevel: No blueprints needed recompiling
[2019.04.13-06.49.33:710][287]PIE: New page: PIE session: TestingLevel (14 Apr 2019 2:49:33 am)
[2019.04.13-06.49.33:774][287]LogPlayLevel: Creating play world package: /Game/Levels/UEDPIE_0_TestingLevel
[2019.04.13-06.49.33:895][287]LogPlayLevel: PIE: StaticDuplicateObject took: (0.119848s)
[2019.04.13-06.49.33:896][287]LogAIModule: Creating AISystem for world TestingLevel
[2019.04.13-06.49.33:896][287]LogPlayLevel: PIE: World Init took: (0.000979s)
[2019.04.13-06.49.33:896][287]LogPlayLevel: PIE: Created PIE world by copying editor world from /Game/Levels/TestingLevel.TestingLevel to /Game/Levels/UEDPIE_0_TestingLevel.TestingLevel (0.121687s)
[2019.04.13-06.49.34:064][287]LogInit: XAudio2 using 'Speakers (ASUS Xonar DX Audio Device)' : 6 channels at 48 kHz using 24 bits per sample (channel mask 0x3f)
[2019.04.13-06.49.34:087][287]LogInit: FAudioDevice initialized.
[2019.04.13-06.49.34:419][287]LogLoad: Game class is 'MyGameMode_C'
[2019.04.13-06.49.34:672][287]LogWorld: Bringing World /Game/Levels/UEDPIE_0_TestingLevel.TestingLevel up for play (max tick rate 0) at 2019.04.13-16.49.34
[2019.04.13-06.49.34:705][287]LogWorld: Bringing up level for play took: 0.059542
[2019.04.13-06.49.35:135][287]LogContentBrowser: Native class hierarchy updated for 'MovieSceneCapture' in 0.0012 seconds. Added 20 classes and 0 folders.
[2019.04.13-06.49.35:440][287]PIE: Play in editor start time for /Game/Levels/UEDPIE_0_TestingLevel 1.31
[2019.04.13-06.49.35:440][287]LogBlueprintUserMessages: Late PlayInEditor Detection: Level '/Game/Levels/TestingLevel.TestingLevel:PersistentLevel' has LevelScriptBlueprint '/Game/Levels/TestingLevel.TestingLevel:PersistentLevel.TestingLevel' with GeneratedClass '/Game/Levels/TestingLevel.TestingLevel_C' with ClassGeneratedBy '/Game/Levels/TestingLevel.TestingLevel:PersistentLevel.TestingLevel'
[2019.04.13-06.49.41:504][500]LogEditorViewport: Clicking on Actor (LMB): Landscape (Landscape)
[2019.04.13-06.49.42:508][512]LogBlueprintUserMessages: Early EndPlayMap Detection: Level '/Game/Levels/TestingLevel.TestingLevel:PersistentLevel' has LevelScriptBlueprint '/Game/Levels/TestingLevel.TestingLevel:PersistentLevel.TestingLevel' with GeneratedClass '/Game/Levels/TestingLevel.TestingLevel_C' with ClassGeneratedBy '/Game/Levels/TestingLevel.TestingLevel:PersistentLevel.TestingLevel'
[2019.04.13-06.49.42:537][512]LogSlate: Updating window title bar state: overlay mode, drag disabled, window buttons hidden, title bar hidden
[2019.04.13-06.49.42:653][512]LogPlayLevel: Display: Shutting down PIE online subsystems
[2019.04.13-06.49.42:666][512]LogBlueprintUserMessages: Late EndPlayMap Detection: Level '/Game/Levels/TestingLevel.TestingLevel:PersistentLevel' has LevelScriptBlueprint '/Game/Levels/TestingLevel.TestingLevel:PersistentLevel.TestingLevel' with GeneratedClass '/Game/Levels/TestingLevel.TestingLevel_C' with ClassGeneratedBy '/Game/Levels/TestingLevel.TestingLevel:PersistentLevel.TestingLevel'
[2019.04.13-06.49.42:710][512]LogSlate: Updating window title bar state: overlay mode, drag disabled, window buttons hidden, title bar hidden
[2019.04.13-06.49.42:774][513]LogPlayLevel: Display: Destroying online subsystem :Context_4
[2019.04.13-06.49.57:774][958]LogInit: XAudio2 using 'Headset Earphone (2- Astro A50 Voice)' : 2 channels at 48 kHz using 16 bits per sample (channel mask 0x3)
[2019.04.13-06.49.58:531][960]LogInit: XAudio2 using 'Headset Earphone (2- Astro A50 Voice)' : 2 channels at 48 kHz using 16 bits per sample (channel mask 0x3)
[2019.04.13-06.49.58:621][960]LogAudio: Error: CreateMasteringVoice error: Unhandled error code -2147024893
[2019.04.13-06.49.58:621][960]LogInit: Warning: Failed to create the mastering voice for XAudio2
[2019.04.13-06.49.59:106][962]LogAudio: Warning: Current Audio Device with ID {0.0.0.00000000}.{5a620cf6-bb07-46fd-9ee9-ba700cf6cfc1} was removed. Shutting down audio device.
[2019.04.13-06.49.59:106][962]LogInit: XAudio2 using 'Speakers (ASUS Xonar DX Audio Device)' : 6 channels at 48 kHz using 24 bits per sample (channel mask 0x3f)
[2019.04.13-06.50.00:105][965]LogInit: XAudio2 using 'Speakers (ASUS Xonar DX Audio Device)' : 6 channels at 48 kHz using 24 bits per sample (channel mask 0x3f)
[2019.04.13-06.50.00:471][966]LogInit: XAudio2 using 'Speakers (ASUS Xonar DX Audio Device)' : 6 channels at 48 kHz using 24 bits per sample (channel mask 0x3f)
[2019.04.13-06.50.23:487][ 54]LogSlate: FSceneViewport::OnFocusLost() reason 0
[2019.04.13-06.50.23:543][ 57]LogTemp: Repeating last play command: Selected Viewport
[2019.04.13-06.50.23:598][ 57]LogBlueprintUserMessages: Early PlayInEditor Detection: Level '/Game/Levels/TestingLevel.TestingLevel:PersistentLevel' has LevelScriptBlueprint '/Game/Levels/TestingLevel.TestingLevel:PersistentLevel.TestingLevel' with GeneratedClass '/Game/Levels/TestingLevel.TestingLevel_C' with ClassGeneratedBy '/Game/Levels/TestingLevel.TestingLevel:PersistentLevel.TestingLevel'
[2019.04.13-06.50.23:599][ 57]LogPlayLevel: PlayLevel: No blueprints needed recompiling
[2019.04.13-06.50.23:599][ 57]PIE: New page: PIE session: TestingLevel (14 Apr 2019 2:50:23 am)
[2019.04.13-06.50.23:599][ 57]LogPlayLevel: Creating play world package: /Game/Levels/UEDPIE_0_TestingLevel
[2019.04.13-06.50.23:636][ 57]LogPlayLevel: PIE: StaticDuplicateObject took: (0.036296s)
[2019.04.13-06.50.23:637][ 57]LogAIModule: Creating AISystem for world TestingLevel
[2019.04.13-06.50.23:637][ 57]LogPlayLevel: PIE: World Init took: (0.001558s)
[2019.04.13-06.50.23:637][ 57]LogPlayLevel: PIE: Created PIE world by copying editor world from /Game/Levels/TestingLevel.TestingLevel to /Game/Levels/UEDPIE_0_TestingLevel.TestingLevel (0.038181s)
[2019.04.13-06.50.23:745][ 57]LogInit: XAudio2 using 'Speakers (ASUS Xonar DX Audio Device)' : 6 channels at 48 kHz using 24 bits per sample (channel mask 0x3f)
[2019.04.13-06.50.23:762][ 57]LogInit: FAudioDevice initialized.
[2019.04.13-06.50.23:837][ 57]LogLoad: Game class is 'MyGameMode_C'
[2019.04.13-06.50.23:843][ 57]LogWorld: Bringing World /Game/Levels/UEDPIE_0_TestingLevel.TestingLevel up for play (max tick rate 0) at 2019.04.13-16.50.23
[2019.04.13-06.50.23:844][ 57]LogWorld: Bringing up level for play took: 0.005353
[2019.04.13-06.50.23:859][ 57]PIE: Play in editor start time for /Game/Levels/UEDPIE_0_TestingLevel -0.27
[2019.04.13-06.50.23:859][ 57]LogBlueprintUserMessages: Late PlayInEditor Detection: Level '/Game/Levels/TestingLevel.TestingLevel:PersistentLevel' has LevelScriptBlueprint '/Game/Levels/TestingLevel.TestingLevel:PersistentLevel.TestingLevel' with GeneratedClass '/Game/Levels/TestingLevel.TestingLevel_C' with ClassGeneratedBy '/Game/Levels/TestingLevel.TestingLevel:PersistentLevel.TestingLevel'
[2019.04.13-06.50.31:653][538]LogBlueprintUserMessages: Early EndPlayMap Detection: Level '/Game/Levels/TestingLevel.TestingLevel:PersistentLevel' has LevelScriptBlueprint '/Game/Levels/TestingLevel.TestingLevel:PersistentLevel.TestingLevel' with GeneratedClass '/Game/Levels/TestingLevel.TestingLevel_C' with ClassGeneratedBy '/Game/Levels/TestingLevel.TestingLevel:PersistentLevel.TestingLevel'
[2019.04.13-06.50.31:654][538]LogSlate: Updating window title bar state: overlay mode, drag disabled, window buttons hidden, title bar hidden
[2019.04.13-06.50.31:709][538]LogPlayLevel: Display: Shutting down PIE online subsystems
[2019.04.13-06.50.31:710][538]LogBlueprintUserMessages: Late EndPlayMap Detection: Level '/Game/Levels/TestingLevel.TestingLevel:PersistentLevel' has LevelScriptBlueprint '/Game/Levels/TestingLevel.TestingLevel:PersistentLevel.TestingLevel' with GeneratedClass '/Game/Levels/TestingLevel.TestingLevel_C' with ClassGeneratedBy '/Game/Levels/TestingLevel.TestingLevel:PersistentLevel.TestingLevel'
[2019.04.13-06.50.31:762][538]LogSlate: Updating window title bar state: overlay mode, drag disabled, window buttons hidden, title bar hidden
[2019.04.13-06.50.31:796][539]LogPlayLevel: Display: Destroying online subsystem :Context_5
[2019.04.13-06.50.32:856][597]LogSlate: FSceneViewport::OnFocusLost() reason 0
[2019.04.13-06.51.00:598][847]LogTemp: Repeating last play command: Selected Viewport
[2019.04.13-06.51.00:628][847]LogBlueprintUserMessages: Early PlayInEditor Detection: Level '/Game/Levels/TestingLevel.TestingLevel:PersistentLevel' has LevelScriptBlueprint '/Game/Levels/TestingLevel.TestingLevel:PersistentLevel.TestingLevel' with GeneratedClass '/Game/Levels/TestingLevel.TestingLevel_C' with ClassGeneratedBy '/Game/Levels/TestingLevel.TestingLevel:PersistentLevel.TestingLevel'
[2019.04.13-06.51.00:629][847]LogPlayLevel: PlayLevel: No blueprints needed recompiling
[2019.04.13-06.51.00:629][847]PIE: New page: PIE session: TestingLevel (14 Apr 2019 2:51:00 am)
[2019.04.13-06.51.00:629][847]LogPlayLevel: Creating play world package: /Game/Levels/UEDPIE_0_TestingLevel
[2019.04.13-06.51.00:657][847]LogPlayLevel: PIE: StaticDuplicateObject took: (0.027681s)
[2019.04.13-06.51.00:658][847]LogAIModule: Creating AISystem for world TestingLevel
[2019.04.13-06.51.00:658][847]LogPlayLevel: PIE: World Init took: (0.001241s)
[2019.04.13-06.51.00:658][847]LogPlayLevel: PIE: Created PIE world by copying editor world from /Game/Levels/TestingLevel.TestingLevel to /Game/Levels/UEDPIE_0_TestingLevel.TestingLevel (0.029109s)
[2019.04.13-06.51.00:760][847]LogInit: XAudio2 using 'Speakers (ASUS Xonar DX Audio Device)' : 6 channels at 48 kHz using 24 bits per sample (channel mask 0x3f)
[2019.04.13-06.51.00:779][847]LogInit: FAudioDevice initialized.
[2019.04.13-06.51.00:817][847]LogLoad: Game class is 'MyGameMode_C'
[2019.04.13-06.51.00:820][847]LogWorld: Bringing World /Game/Levels/UEDPIE_0_TestingLevel.TestingLevel up for play (max tick rate 0) at 2019.04.13-16.51.00
[2019.04.13-06.51.00:821][847]LogWorld: Bringing up level for play took: 0.002723
[2019.04.13-06.51.00:835][847]PIE: Play in editor start time for /Game/Levels/UEDPIE_0_TestingLevel 0.706
[2019.04.13-06.51.00:835][847]LogBlueprintUserMessages: Late PlayInEditor Detection: Level '/Game/Levels/TestingLevel.TestingLevel:PersistentLevel' has LevelScriptBlueprint '/Game/Levels/TestingLevel.TestingLevel:PersistentLevel.TestingLevel' with GeneratedClass '/Game/Levels/TestingLevel.TestingLevel_C' with ClassGeneratedBy '/Game/Levels/TestingLevel.TestingLevel:PersistentLevel.TestingLevel'
[2019.04.13-06.51.44:224][317]LogSlate: FSceneViewport::OnFocusLost() reason 0
[2019.04.13-06.51.44:303][321]LogBlueprintUserMessages: Early EndPlayMap Detection: Level '/Game/Levels/TestingLevel.TestingLevel:PersistentLevel' has LevelScriptBlueprint '/Game/Levels/TestingLevel.TestingLevel:PersistentLevel.TestingLevel' with GeneratedClass '/Game/Levels/TestingLevel.TestingLevel_C' with ClassGeneratedBy '/Game/Levels/TestingLevel.TestingLevel:PersistentLevel.TestingLevel'
[2019.04.13-06.51.44:304][321]LogSlate: Updating window title bar state: overlay mode, drag disabled, window buttons hidden, title bar hidden
[2019.04.13-06.51.44:357][321]LogPlayLevel: Display: Shutting down PIE online subsystems
[2019.04.13-06.51.44:357][321]LogBlueprintUserMessages: Late EndPlayMap Detection: Level '/Game/Levels/TestingLevel.TestingLevel:PersistentLevel' has LevelScriptBlueprint '/Game/Levels/TestingLevel.TestingLevel:PersistentLevel.TestingLevel' with GeneratedClass '/Game/Levels/TestingLevel.TestingLevel_C' with ClassGeneratedBy '/Game/Levels/TestingLevel.TestingLevel:PersistentLevel.TestingLevel'
[2019.04.13-06.51.44:410][321]LogSlate: Updating window title bar state: overlay mode, drag disabled, window buttons hidden, title bar hidden
[2019.04.13-06.51.44:448][322]LogPlayLevel: Display: Destroying online subsystem :Context_7
[2019.04.13-06.51.45:422][381]LogTemp: Repeating last play command: Selected Viewport
[2019.04.13-06.51.45:467][381]LogBlueprintUserMessages: Early PlayInEditor Detection: Level '/Game/Levels/TestingLevel.TestingLevel:PersistentLevel' has LevelScriptBlueprint '/Game/Levels/TestingLevel.TestingLevel:PersistentLevel.TestingLevel' with GeneratedClass '/Game/Levels/TestingLevel.TestingLevel_C' with ClassGeneratedBy '/Game/Levels/TestingLevel.TestingLevel:PersistentLevel.TestingLevel'
[2019.04.13-06.51.45:467][381]LogPlayLevel: PlayLevel: No blueprints needed recompiling
[2019.04.13-06.51.45:468][381]PIE: New page: PIE session: TestingLevel (14 Apr 2019 2:51:45 am)
[2019.04.13-06.51.45:468][381]LogPlayLevel: Creating play world package: /Game/Levels/UEDPIE_0_TestingLevel
[2019.04.13-06.51.45:498][381]LogPlayLevel: PIE: StaticDuplicateObject took: (0.030624s)
[2019.04.13-06.51.45:499][381]LogAIModule: Creating AISystem for world TestingLevel
[2019.04.13-06.51.45:500][381]LogPlayLevel: PIE: World Init took: (0.001248s)
[2019.04.13-06.51.45:500][381]LogPlayLevel: PIE: Created PIE world by copying editor world from /Game/Levels/TestingLevel.TestingLevel to /Game/Levels/UEDPIE_0_TestingLevel.TestingLevel (0.032080s)
[2019.04.13-06.51.45:608][381]LogInit: XAudio2 using 'Speakers (ASUS Xonar DX Audio Device)' : 6 channels at 48 kHz using 24 bits per sample (channel mask 0x3f)
[2019.04.13-06.51.45:631][381]LogInit: FAudioDevice initialized.
[2019.04.13-06.51.45:670][381]LogLoad: Game class is 'MyGameMode_C'
[2019.04.13-06.51.45:672][381]LogWorld: Bringing World /Game/Levels/UEDPIE_0_TestingLevel.TestingLevel up for play (max tick rate 0) at 2019.04.13-16.51.45
[2019.04.13-06.51.45:673][381]LogWorld: Bringing up level for play took: 0.001971
[2019.04.13-06.51.45:690][381]PIE: Play in editor start time for /Game/Levels/UEDPIE_0_TestingLevel -0.439
[2019.04.13-06.51.45:691][381]LogBlueprintUserMessages: Late PlayInEditor Detection: Level '/Game/Levels/TestingLevel.TestingLevel:PersistentLevel' has LevelScriptBlueprint '/Game/Levels/TestingLevel.TestingLevel:PersistentLevel.TestingLevel' with GeneratedClass '/Game/Levels/TestingLevel.TestingLevel_C' with ClassGeneratedBy '/Game/Levels/TestingLevel.TestingLevel:PersistentLevel.TestingLevel'
[2019.04.13-06.51.57:143][ 91]LogSlate: FSceneViewport::OnFocusLost() reason 0
